<?xml version="1.0" encoding="UTF-8"?>
<!-- Generated by org.testng.reporters.JUnitXMLReporter -->
<testsuite ignored="0" hostname="DESKTOP-QOD6CF4" failures="0" tests="1" name="Test" time="0.223" errors="0" timestamp="2023-08-17T12:33:58 PKT">
  <testcase classname="genesishealth.testcases" name="@BeforeMethod launchDriver" time="0.144">
    <failure type="java.lang.IllegalStateException" message="The driver executable must exist: C:\var\lib\jenkins\workspace\Genesis health\chromedriver.exe">
      <![CDATA[java.lang.IllegalStateException: The driver executable must exist: C:\var\lib\jenkins\workspace\Genesis health\chromedriver.exe
at org.openqa.selenium.internal.Require$FileStateChecker.isFile(Require.java:345)
at org.openqa.selenium.remote.service.DriverFinder.getPath(DriverFinder.java:39)
at org.openqa.selenium.chrome.ChromeDriver.generateExecutor(ChromeDriver.java:98)
at org.openqa.selenium.chrome.ChromeDriver.<init>(ChromeDriver.java:88)
at org.openqa.selenium.chrome.ChromeDriver.<init>(ChromeDriver.java:84)
at org.openqa.selenium.chrome.ChromeDriver.<init>(ChromeDriver.java:52)
at genesishealth.testcases.launchDriver(testcases.java:20)
at java.base/java.util.ArrayList.forEach(ArrayList.java:1511)
... Removed 31 stack frames]]>
    </failure>
  </testcase> <!-- @BeforeMethod launchDriver -->
  <testcase classname="genesishealth.testcases" name="@AfterMethod quit" time="-1.692257638199E9">
    <skipped/>
  </testcase> <!-- @AfterMethod quit -->
  <testcase classname="genesishealth.testcases" name="Testcase1" time="0.0">
    <skipped/>
  </testcase> <!-- Testcase1 -->
</testsuite> <!-- Test -->
