<?xml version="1.0" encoding="UTF-8"?>
<testng-results ignored="0" total="1" passed="1" failed="0" skipped="0">
  <reporter-output>
  </reporter-output>
  <suite started-at="2023-08-17T16:17:32 PKT" name="Default suite" finished-at="2023-08-17T16:17:49 PKT" duration-ms="17187">
    <groups>
    </groups>
    <test started-at="2023-08-17T16:17:32 PKT" name="Default test" finished-at="2023-08-17T16:17:49 PKT" duration-ms="17187">
      <class name="genesishealth.testcases">
        <test-method is-config="true" signature="launchDriver()[pri:0, instance:genesishealth.testcases@d9345cd]" started-at="2023-08-17T16:17:32 PKT" name="launchDriver" finished-at="2023-08-17T16:17:36 PKT" duration-ms="4217" status="PASS">
          <reporter-output>
          </reporter-output>
        </test-method> <!-- launchDriver -->
        <test-method signature="Testcase1()[pri:0, instance:genesishealth.testcases@d9345cd]" started-at="2023-08-17T16:17:36 PKT" name="Testcase1" finished-at="2023-08-17T16:17:49 PKT" duration-ms="12662" status="PASS">
          <reporter-output>
          </reporter-output>
        </test-method> <!-- Testcase1 -->
        <test-method is-config="true" signature="quit()[pri:0, instance:genesishealth.testcases@d9345cd]" started-at="2023-08-17T16:17:49 PKT" name="quit" finished-at="2023-08-17T16:17:49 PKT" duration-ms="249" status="PASS">
          <reporter-output>
          </reporter-output>
        </test-method> <!-- quit -->
      </class> <!-- genesishealth.testcases -->
    </test> <!-- Default test -->
  </suite> <!-- Default suite -->
</testng-results>
