<?xml version="1.0" encoding="UTF-8"?>
<testng-results ignored="0" total="1" passed="1" failed="0" skipped="0">
  <reporter-output>
  </reporter-output>
  <suite started-at="2023-08-15T15:50:33 PKT" name="Default suite" finished-at="2023-08-15T15:50:48 PKT" duration-ms="15283">
    <groups>
    </groups>
    <test started-at="2023-08-15T15:50:33 PKT" name="Default test" finished-at="2023-08-15T15:50:48 PKT" duration-ms="15283">
      <class name="genesishealth.testcases">
        <test-method is-config="true" signature="launchDriver()[pri:0, instance:genesishealth.testcases@316bcf94]" started-at="2023-08-15T15:50:33 PKT" name="launchDriver" finished-at="2023-08-15T15:50:35 PKT" duration-ms="2309" status="PASS">
          <reporter-output>
          </reporter-output>
        </test-method> <!-- launchDriver -->
        <test-method signature="Testcase1()[pri:0, instance:genesishealth.testcases@316bcf94]" started-at="2023-08-15T15:50:35 PKT" name="Testcase1" finished-at="2023-08-15T15:50:48 PKT" duration-ms="12615" status="PASS">
          <reporter-output>
          </reporter-output>
        </test-method> <!-- Testcase1 -->
        <test-method is-config="true" signature="quit()[pri:0, instance:genesishealth.testcases@316bcf94]" started-at="2023-08-15T15:50:48 PKT" name="quit" finished-at="2023-08-15T15:50:48 PKT" duration-ms="278" status="PASS">
          <reporter-output>
          </reporter-output>
        </test-method> <!-- quit -->
      </class> <!-- genesishealth.testcases -->
    </test> <!-- Default test -->
  </suite> <!-- Default suite -->
</testng-results>
